Start testing: Aug 20 22:13 CST
----------------------------------------------------------
1/5 Testing: SORT_TEST.shell_sort
1/5 Test: SORT_TEST.shell_sort
Command: "/Users/wwc129/cpp_tools/build/tests/all_test" "--gtest_filter=SORT_TEST.shell_sort" "--gtest_also_run_disabled_tests"
Directory: /Users/wwc129/cpp_tools/build/tests
"SORT_TEST.shell_sort" start time: Aug 20 22:13 CST
Output:
----------------------------------------------------------
Running main() from /Users/wwc129/cpp_tools/build/_deps/googletest-src/googletest/src/gtest_main.cc
Note: Google Test filter = SORT_TEST.shell_sort
[==========] Running 1 test from 1 test suite.
[----------] Global test environment set-up.
[----------] 1 test from SORT_TEST
[ RUN      ] SORT_TEST.shell_sort
[       OK ] SORT_TEST.shell_sort (0 ms)
[----------] 1 test from SORT_TEST (0 ms total)

[----------] Global test environment tear-down
[==========] 1 test from 1 test suite ran. (0 ms total)
[  PASSED  ] 1 test.
<end of output>
Test time =   0.04 sec
----------------------------------------------------------
Test Passed.
"SORT_TEST.shell_sort" end time: Aug 20 22:13 CST
"SORT_TEST.shell_sort" time elapsed: 00:00:00
----------------------------------------------------------

2/5 Testing: SORT_TEST.quick_sort
2/5 Test: SORT_TEST.quick_sort
Command: "/Users/wwc129/cpp_tools/build/tests/all_test" "--gtest_filter=SORT_TEST.quick_sort" "--gtest_also_run_disabled_tests"
Directory: /Users/wwc129/cpp_tools/build/tests
"SORT_TEST.quick_sort" start time: Aug 20 22:13 CST
Output:
----------------------------------------------------------
Running main() from /Users/wwc129/cpp_tools/build/_deps/googletest-src/googletest/src/gtest_main.cc
Note: Google Test filter = SORT_TEST.quick_sort
[==========] Running 1 test from 1 test suite.
[----------] Global test environment set-up.
[----------] 1 test from SORT_TEST
[ RUN      ] SORT_TEST.quick_sort
[       OK ] SORT_TEST.quick_sort (0 ms)
[----------] 1 test from SORT_TEST (0 ms total)

[----------] Global test environment tear-down
[==========] 1 test from 1 test suite ran. (0 ms total)
[  PASSED  ] 1 test.
<end of output>
Test time =   0.04 sec
----------------------------------------------------------
Test Passed.
"SORT_TEST.quick_sort" end time: Aug 20 22:13 CST
"SORT_TEST.quick_sort" time elapsed: 00:00:00
----------------------------------------------------------

3/5 Testing: SORT_TEST.insertion_sort
3/5 Test: SORT_TEST.insertion_sort
Command: "/Users/wwc129/cpp_tools/build/tests/all_test" "--gtest_filter=SORT_TEST.insertion_sort" "--gtest_also_run_disabled_tests"
Directory: /Users/wwc129/cpp_tools/build/tests
"SORT_TEST.insertion_sort" start time: Aug 20 22:13 CST
Output:
----------------------------------------------------------
Running main() from /Users/wwc129/cpp_tools/build/_deps/googletest-src/googletest/src/gtest_main.cc
Note: Google Test filter = SORT_TEST.insertion_sort
[==========] Running 1 test from 1 test suite.
[----------] Global test environment set-up.
[----------] 1 test from SORT_TEST
[ RUN      ] SORT_TEST.insertion_sort
[       OK ] SORT_TEST.insertion_sort (0 ms)
[----------] 1 test from SORT_TEST (0 ms total)

[----------] Global test environment tear-down
[==========] 1 test from 1 test suite ran. (0 ms total)
[  PASSED  ] 1 test.
<end of output>
Test time =   0.04 sec
----------------------------------------------------------
Test Passed.
"SORT_TEST.insertion_sort" end time: Aug 20 22:13 CST
"SORT_TEST.insertion_sort" time elapsed: 00:00:00
----------------------------------------------------------

4/5 Testing: TYPE_TEST.MinHeap
4/5 Test: TYPE_TEST.MinHeap
Command: "/Users/wwc129/cpp_tools/build/tests/all_test" "--gtest_filter=TYPE_TEST.MinHeap" "--gtest_also_run_disabled_tests"
Directory: /Users/wwc129/cpp_tools/build/tests
"TYPE_TEST.MinHeap" start time: Aug 20 22:13 CST
Output:
----------------------------------------------------------
Running main() from /Users/wwc129/cpp_tools/build/_deps/googletest-src/googletest/src/gtest_main.cc
Note: Google Test filter = TYPE_TEST.MinHeap
[==========] Running 1 test from 1 test suite.
[----------] Global test environment set-up.
[----------] 1 test from TYPE_TEST
[ RUN      ] TYPE_TEST.MinHeap
[       OK ] TYPE_TEST.MinHeap (0 ms)
[----------] 1 test from TYPE_TEST (0 ms total)

[----------] Global test environment tear-down
[==========] 1 test from 1 test suite ran. (0 ms total)
[  PASSED  ] 1 test.
<end of output>
Test time =   0.04 sec
----------------------------------------------------------
Test Passed.
"TYPE_TEST.MinHeap" end time: Aug 20 22:13 CST
"TYPE_TEST.MinHeap" time elapsed: 00:00:00
----------------------------------------------------------

5/5 Testing: TYPE_TEST.MaxHeap
5/5 Test: TYPE_TEST.MaxHeap
Command: "/Users/wwc129/cpp_tools/build/tests/all_test" "--gtest_filter=TYPE_TEST.MaxHeap" "--gtest_also_run_disabled_tests"
Directory: /Users/wwc129/cpp_tools/build/tests
"TYPE_TEST.MaxHeap" start time: Aug 20 22:13 CST
Output:
----------------------------------------------------------
Running main() from /Users/wwc129/cpp_tools/build/_deps/googletest-src/googletest/src/gtest_main.cc
Note: Google Test filter = TYPE_TEST.MaxHeap
[==========] Running 1 test from 1 test suite.
[----------] Global test environment set-up.
[----------] 1 test from TYPE_TEST
[ RUN      ] TYPE_TEST.MaxHeap
[       OK ] TYPE_TEST.MaxHeap (0 ms)
[----------] 1 test from TYPE_TEST (0 ms total)

[----------] Global test environment tear-down
[==========] 1 test from 1 test suite ran. (0 ms total)
[  PASSED  ] 1 test.
<end of output>
Test time =   0.04 sec
----------------------------------------------------------
Test Passed.
"TYPE_TEST.MaxHeap" end time: Aug 20 22:13 CST
"TYPE_TEST.MaxHeap" time elapsed: 00:00:00
----------------------------------------------------------

End testing: Aug 20 22:13 CST
